Parameter Settings
------------Train-----------
lr: 0.0001
batch_size: 64
head_epochs: 3
finetune_epochs: 100
early_stopping_patience: 15
val_split: 0.2
seed: 42
device: cuda

============================================================
Starting ResNet-50 Training on Animals-10 Dataset
============================================================
Loading ResNet50 ImageNet weights from: /scratch/duchuy/training_influence/Training-Influence-on-Resnet50/models/weights_cache/resnet50_imagenet1k_v1.pth
Successfully loaded ImageNet pretrained weights

============================================================
STAGE 1: Training classifier head only (backbone frozen)
============================================================

Epoch 1/3
------------------------------------------------------------
Train Loss: 0.9044 Acc: 0.8828
Val Loss: 0.7849 Acc: 0.9244
*** New best model found! Val Accuracy: 0.9244 | Loss: 0.7849 ***

Epoch 2/3
------------------------------------------------------------
Train Loss: 0.7733 Acc: 0.9292
Val Loss: 0.7312 Acc: 0.9433
*** New best model found! Val Accuracy: 0.9433 | Loss: 0.7312 ***

Epoch 3/3
------------------------------------------------------------
Train Loss: 0.7456 Acc: 0.9385
Val Loss: 0.7188 Acc: 0.9464
*** New best model found! Val Accuracy: 0.9464 | Loss: 0.7188 ***

Training complete in 1m 13s
Best Val Accuracy: 0.9464

============================================================
STAGE 2: Fine-tuning entire model (backbone unfrozen)
============================================================

Checkpoint saving enabled: Every 10 epochs to models/checkpoints/

Epoch 1/100
------------------------------------------------------------
Train Loss: 0.7005 Acc: 0.9538
Val Loss: 0.6863 Acc: 0.9567
*** New best model found! Val Accuracy: 0.9567 | Loss: 0.6863 ***

Epoch 2/100
------------------------------------------------------------
Train Loss: 0.6791 Acc: 0.9610
Val Loss: 0.6748 Acc: 0.9562
*** New best model found! Val Accuracy: 0.9562 | Loss: 0.6748 ***

Epoch 3/100
------------------------------------------------------------
Train Loss: 0.6690 Acc: 0.9653
Val Loss: 0.6713 Acc: 0.9588
*** New best model found! Val Accuracy: 0.9588 | Loss: 0.6713 ***

Epoch 4/100
------------------------------------------------------------
Train Loss: 0.6586 Acc: 0.9698
Val Loss: 0.6633 Acc: 0.9631
*** New best model found! Val Accuracy: 0.9631 | Loss: 0.6633 ***

Epoch 5/100
------------------------------------------------------------
Train Loss: 0.6549 Acc: 0.9698
Val Loss: 0.6622 Acc: 0.9643
*** New best model found! Val Accuracy: 0.9643 | Loss: 0.6622 ***

Epoch 6/100
------------------------------------------------------------
Train Loss: 0.6477 Acc: 0.9742
Val Loss: 0.6617 Acc: 0.9634
*** New best model found! Val Accuracy: 0.9634 | Loss: 0.6617 ***

Epoch 7/100
------------------------------------------------------------
Train Loss: 0.6449 Acc: 0.9750
Val Loss: 0.6598 Acc: 0.9639
*** New best model found! Val Accuracy: 0.9639 | Loss: 0.6598 ***

Epoch 8/100
------------------------------------------------------------
Train Loss: 0.6404 Acc: 0.9752
Val Loss: 0.6560 Acc: 0.9653
*** New best model found! Val Accuracy: 0.9653 | Loss: 0.6560 ***

Epoch 9/100
------------------------------------------------------------
Train Loss: 0.6371 Acc: 0.9762
Val Loss: 0.6537 Acc: 0.9670
*** New best model found! Val Accuracy: 0.9670 | Loss: 0.6537 ***

Epoch 10/100
------------------------------------------------------------
Train Loss: 0.6323 Acc: 0.9794
Val Loss: 0.6433 Acc: 0.9722
*** New best model found! Val Accuracy: 0.9722 | Loss: 0.6433 ***
Checkpoint saved: models/checkpoints/finetune_epoch_10.pth (lr=2.00e-06)

Epoch 11/100
------------------------------------------------------------
Train Loss: 0.6317 Acc: 0.9781
Val Loss: 0.6530 Acc: 0.9672
No improvement in val loss for 1 epoch(s).

Epoch 12/100
------------------------------------------------------------
Train Loss: 0.6261 Acc: 0.9805
Val Loss: 0.6451 Acc: 0.9684
No improvement in val loss for 2 epoch(s).

Epoch 13/100
------------------------------------------------------------
Train Loss: 0.6263 Acc: 0.9798
Val Loss: 0.6420 Acc: 0.9696
*** New best model found! Val Accuracy: 0.9696 | Loss: 0.6420 ***

Epoch 14/100
------------------------------------------------------------
Train Loss: 0.6189 Acc: 0.9839
Val Loss: 0.6450 Acc: 0.9691
No improvement in val loss for 1 epoch(s).

Epoch 15/100
------------------------------------------------------------
Train Loss: 0.6174 Acc: 0.9842
Val Loss: 0.6414 Acc: 0.9713
*** New best model found! Val Accuracy: 0.9713 | Loss: 0.6414 ***

Epoch 16/100
------------------------------------------------------------
Train Loss: 0.6172 Acc: 0.9832
Val Loss: 0.6421 Acc: 0.9706
No improvement in val loss for 1 epoch(s).

Epoch 17/100
------------------------------------------------------------
Train Loss: 0.6132 Acc: 0.9867
Val Loss: 0.6386 Acc: 0.9715
*** New best model found! Val Accuracy: 0.9715 | Loss: 0.6386 ***

Epoch 18/100
------------------------------------------------------------
Train Loss: 0.6113 Acc: 0.9870
Val Loss: 0.6398 Acc: 0.9718
No improvement in val loss for 1 epoch(s).

Epoch 19/100
------------------------------------------------------------
Train Loss: 0.6099 Acc: 0.9873
Val Loss: 0.6380 Acc: 0.9742
*** New best model found! Val Accuracy: 0.9742 | Loss: 0.6380 ***

Epoch 20/100
------------------------------------------------------------
Train Loss: 0.6088 Acc: 0.9877
Val Loss: 0.6308 Acc: 0.9751
*** New best model found! Val Accuracy: 0.9751 | Loss: 0.6308 ***
Checkpoint saved: models/checkpoints/finetune_epoch_20.pth (lr=2.00e-06)

Epoch 21/100
------------------------------------------------------------
Train Loss: 0.6061 Acc: 0.9897
Val Loss: 0.6325 Acc: 0.9773
No improvement in val loss for 1 epoch(s).

Epoch 22/100
------------------------------------------------------------
Train Loss: 0.6052 Acc: 0.9891
Val Loss: 0.6366 Acc: 0.9708
No improvement in val loss for 2 epoch(s).

Epoch 23/100
------------------------------------------------------------
Train Loss: 0.6036 Acc: 0.9892
Val Loss: 0.6320 Acc: 0.9730
No improvement in val loss for 3 epoch(s).

Epoch 24/100
------------------------------------------------------------
Train Loss: 0.5991 Acc: 0.9914
Val Loss: 0.6301 Acc: 0.9744
*** New best model found! Val Accuracy: 0.9744 | Loss: 0.6301 ***

Epoch 25/100
------------------------------------------------------------
Train Loss: 0.6021 Acc: 0.9898
Val Loss: 0.6335 Acc: 0.9753
No improvement in val loss for 1 epoch(s).

Epoch 26/100
------------------------------------------------------------
Train Loss: 0.5993 Acc: 0.9914
Val Loss: 0.6335 Acc: 0.9725
No improvement in val loss for 2 epoch(s).

Epoch 27/100
------------------------------------------------------------
Train Loss: 0.5987 Acc: 0.9907
Val Loss: 0.6289 Acc: 0.9734
*** New best model found! Val Accuracy: 0.9734 | Loss: 0.6289 ***

Epoch 28/100
------------------------------------------------------------
Train Loss: 0.5958 Acc: 0.9920
Val Loss: 0.6256 Acc: 0.9765
*** New best model found! Val Accuracy: 0.9765 | Loss: 0.6256 ***

Epoch 29/100
------------------------------------------------------------
Train Loss: 0.5971 Acc: 0.9911
Val Loss: 0.6296 Acc: 0.9744
No improvement in val loss for 1 epoch(s).

Epoch 30/100
------------------------------------------------------------
Train Loss: 0.5958 Acc: 0.9920
Val Loss: 0.6309 Acc: 0.9734
No improvement in val loss for 2 epoch(s).
Checkpoint saved: models/checkpoints/finetune_epoch_30.pth (lr=2.00e-06)

Epoch 31/100
------------------------------------------------------------
Train Loss: 0.5930 Acc: 0.9933
Val Loss: 0.6281 Acc: 0.9763
No improvement in val loss for 3 epoch(s).

Epoch 32/100
------------------------------------------------------------
Train Loss: 0.5946 Acc: 0.9921
Val Loss: 0.6271 Acc: 0.9787
No improvement in val loss for 4 epoch(s).

Epoch 33/100
------------------------------------------------------------
Train Loss: 0.5930 Acc: 0.9933
Val Loss: 0.6299 Acc: 0.9753
No improvement in val loss for 5 epoch(s).

Epoch 34/100
------------------------------------------------------------
Train Loss: 0.5907 Acc: 0.9937
Val Loss: 0.6226 Acc: 0.9787
*** New best model found! Val Accuracy: 0.9787 | Loss: 0.6226 ***

Epoch 35/100
------------------------------------------------------------
Train Loss: 0.5911 Acc: 0.9944
Val Loss: 0.6261 Acc: 0.9765
No improvement in val loss for 1 epoch(s).

Epoch 36/100
------------------------------------------------------------
Train Loss: 0.5903 Acc: 0.9938
Val Loss: 0.6264 Acc: 0.9765
No improvement in val loss for 2 epoch(s).

Epoch 37/100
------------------------------------------------------------
Train Loss: 0.5888 Acc: 0.9944
Val Loss: 0.6276 Acc: 0.9770
No improvement in val loss for 3 epoch(s).

Epoch 38/100
------------------------------------------------------------
Train Loss: 0.5888 Acc: 0.9944
Val Loss: 0.6261 Acc: 0.9780
No improvement in val loss for 4 epoch(s).

Epoch 39/100
------------------------------------------------------------
Train Loss: 0.5885 Acc: 0.9947
Val Loss: 0.6265 Acc: 0.9751
No improvement in val loss for 5 epoch(s).

Epoch 40/100
------------------------------------------------------------
Train Loss: 0.5891 Acc: 0.9938
Val Loss: 0.6273 Acc: 0.9744
No improvement in val loss for 6 epoch(s).
Checkpoint saved: models/checkpoints/finetune_epoch_40.pth (lr=2.00e-06)

Epoch 41/100
------------------------------------------------------------
Train Loss: 0.5866 Acc: 0.9947
Val Loss: 0.6258 Acc: 0.9770
No improvement in val loss for 7 epoch(s).

Epoch 42/100
------------------------------------------------------------
Train Loss: 0.5850 Acc: 0.9964
Val Loss: 0.6239 Acc: 0.9763
No improvement in val loss for 8 epoch(s).

Epoch 43/100
------------------------------------------------------------
Train Loss: 0.5856 Acc: 0.9954
Val Loss: 0.6277 Acc: 0.9753
No improvement in val loss for 9 epoch(s).

Epoch 44/100
------------------------------------------------------------
Train Loss: 0.5856 Acc: 0.9951
Val Loss: 0.6264 Acc: 0.9770
No improvement in val loss for 10 epoch(s).

Epoch 45/100
------------------------------------------------------------
Train Loss: 0.5834 Acc: 0.9962
Val Loss: 0.6198 Acc: 0.9782
*** New best model found! Val Accuracy: 0.9782 | Loss: 0.6198 ***

Epoch 46/100
------------------------------------------------------------
Train Loss: 0.5853 Acc: 0.9952
Val Loss: 0.6216 Acc: 0.9794
No improvement in val loss for 1 epoch(s).

Epoch 47/100
------------------------------------------------------------
Train Loss: 0.5847 Acc: 0.9955
Val Loss: 0.6215 Acc: 0.9773
No improvement in val loss for 2 epoch(s).

Epoch 48/100
------------------------------------------------------------
Train Loss: 0.5834 Acc: 0.9958
Val Loss: 0.6213 Acc: 0.9789
No improvement in val loss for 3 epoch(s).

Epoch 49/100
------------------------------------------------------------
Train Loss: 0.5821 Acc: 0.9969
Val Loss: 0.6219 Acc: 0.9773
No improvement in val loss for 4 epoch(s).

Epoch 50/100
------------------------------------------------------------
Train Loss: 0.5826 Acc: 0.9964
Val Loss: 0.6199 Acc: 0.9780
No improvement in val loss for 5 epoch(s).
Checkpoint saved: models/checkpoints/finetune_epoch_50.pth (lr=2.00e-06)

Epoch 51/100
------------------------------------------------------------
Train Loss: 0.5818 Acc: 0.9962
Val Loss: 0.6198 Acc: 0.9775
No improvement in val loss for 6 epoch(s).

Epoch 52/100
------------------------------------------------------------
Train Loss: 0.5813 Acc: 0.9962
Val Loss: 0.6192 Acc: 0.9789
*** New best model found! Val Accuracy: 0.9789 | Loss: 0.6192 ***

Epoch 53/100
------------------------------------------------------------
Train Loss: 0.5812 Acc: 0.9966
Val Loss: 0.6196 Acc: 0.9792
No improvement in val loss for 1 epoch(s).

Epoch 54/100
------------------------------------------------------------
Train Loss: 0.5812 Acc: 0.9959
Val Loss: 0.6268 Acc: 0.9756
No improvement in val loss for 2 epoch(s).

Epoch 55/100
------------------------------------------------------------
Train Loss: 0.5811 Acc: 0.9966
Val Loss: 0.6196 Acc: 0.9770
No improvement in val loss for 3 epoch(s).

Epoch 56/100
------------------------------------------------------------
Train Loss: 0.5804 Acc: 0.9971
Val Loss: 0.6255 Acc: 0.9756
No improvement in val loss for 4 epoch(s).

Epoch 57/100
------------------------------------------------------------
Train Loss: 0.5793 Acc: 0.9969
Val Loss: 0.6219 Acc: 0.9777
No improvement in val loss for 5 epoch(s).

Epoch 58/100
------------------------------------------------------------
Train Loss: 0.5804 Acc: 0.9966
Val Loss: 0.6215 Acc: 0.9785
No improvement in val loss for 6 epoch(s).

Epoch 59/100
------------------------------------------------------------
Train Loss: 0.5794 Acc: 0.9971
Val Loss: 0.6167 Acc: 0.9806
*** New best model found! Val Accuracy: 0.9806 | Loss: 0.6167 ***

Epoch 60/100
------------------------------------------------------------
Train Loss: 0.5808 Acc: 0.9962
Val Loss: 0.6208 Acc: 0.9768
No improvement in val loss for 1 epoch(s).
Checkpoint saved: models/checkpoints/finetune_epoch_60.pth (lr=2.01e-06)

Epoch 61/100
------------------------------------------------------------
Train Loss: 0.5790 Acc: 0.9970
Val Loss: 0.6257 Acc: 0.9753
No improvement in val loss for 2 epoch(s).

Epoch 62/100
------------------------------------------------------------
Train Loss: 0.5793 Acc: 0.9972
Val Loss: 0.6183 Acc: 0.9787
No improvement in val loss for 3 epoch(s).

Epoch 63/100
------------------------------------------------------------
Train Loss: 0.5786 Acc: 0.9971
Val Loss: 0.6177 Acc: 0.9789
No improvement in val loss for 4 epoch(s).

Epoch 64/100
------------------------------------------------------------
Train Loss: 0.5785 Acc: 0.9978
Val Loss: 0.6165 Acc: 0.9797
*** New best model found! Val Accuracy: 0.9797 | Loss: 0.6165 ***

Epoch 65/100
------------------------------------------------------------
Train Loss: 0.5792 Acc: 0.9971
Val Loss: 0.6207 Acc: 0.9775
No improvement in val loss for 1 epoch(s).

Epoch 66/100
------------------------------------------------------------
Train Loss: 0.5786 Acc: 0.9971
Val Loss: 0.6216 Acc: 0.9780
No improvement in val loss for 2 epoch(s).

Epoch 67/100
------------------------------------------------------------
Train Loss: 0.5781 Acc: 0.9977
Val Loss: 0.6191 Acc: 0.9773
No improvement in val loss for 3 epoch(s).

Epoch 68/100
------------------------------------------------------------
Train Loss: 0.5771 Acc: 0.9975
Val Loss: 0.6170 Acc: 0.9789
No improvement in val loss for 4 epoch(s).

Epoch 69/100
------------------------------------------------------------
Train Loss: 0.5793 Acc: 0.9968
Val Loss: 0.6146 Acc: 0.9801
*** New best model found! Val Accuracy: 0.9801 | Loss: 0.6146 ***

Epoch 70/100
------------------------------------------------------------
Train Loss: 0.5779 Acc: 0.9966
Val Loss: 0.6184 Acc: 0.9789
No improvement in val loss for 1 epoch(s).
Checkpoint saved: models/checkpoints/finetune_epoch_70.pth (lr=2.01e-06)

Epoch 71/100
------------------------------------------------------------
Train Loss: 0.5768 Acc: 0.9972
Val Loss: 0.6209 Acc: 0.9770
No improvement in val loss for 2 epoch(s).

Epoch 72/100
------------------------------------------------------------
Train Loss: 0.5768 Acc: 0.9971
Val Loss: 0.6159 Acc: 0.9782
No improvement in val loss for 3 epoch(s).

Epoch 73/100
------------------------------------------------------------
Train Loss: 0.5765 Acc: 0.9978
Val Loss: 0.6175 Acc: 0.9770
No improvement in val loss for 4 epoch(s).

Epoch 74/100
------------------------------------------------------------
Train Loss: 0.5776 Acc: 0.9969
Val Loss: 0.6127 Acc: 0.9785
*** New best model found! Val Accuracy: 0.9785 | Loss: 0.6127 ***

Epoch 75/100
------------------------------------------------------------
Train Loss: 0.5760 Acc: 0.9974
Val Loss: 0.6150 Acc: 0.9770
No improvement in val loss for 1 epoch(s).

Epoch 76/100
------------------------------------------------------------
Train Loss: 0.5767 Acc: 0.9970
Val Loss: 0.6155 Acc: 0.9794
No improvement in val loss for 2 epoch(s).

Epoch 77/100
------------------------------------------------------------
Train Loss: 0.5754 Acc: 0.9972
Val Loss: 0.6134 Acc: 0.9811
No improvement in val loss for 3 epoch(s).

Epoch 78/100
------------------------------------------------------------
Train Loss: 0.5767 Acc: 0.9973
Val Loss: 0.6138 Acc: 0.9799
No improvement in val loss for 4 epoch(s).

Epoch 79/100
------------------------------------------------------------
Train Loss: 0.5766 Acc: 0.9973
Val Loss: 0.6202 Acc: 0.9770
No improvement in val loss for 5 epoch(s).

Epoch 80/100
------------------------------------------------------------
Train Loss: 0.5759 Acc: 0.9979
Val Loss: 0.6165 Acc: 0.9773
No improvement in val loss for 6 epoch(s).
Checkpoint saved: models/checkpoints/finetune_epoch_80.pth (lr=2.01e-06)

Epoch 81/100
------------------------------------------------------------
Train Loss: 0.5760 Acc: 0.9978
Val Loss: 0.6174 Acc: 0.9777
No improvement in val loss for 7 epoch(s).

Epoch 82/100
------------------------------------------------------------
Train Loss: 0.5760 Acc: 0.9978
Val Loss: 0.6189 Acc: 0.9777
No improvement in val loss for 8 epoch(s).

Epoch 83/100
------------------------------------------------------------
Train Loss: 0.5757 Acc: 0.9976
Val Loss: 0.6192 Acc: 0.9782
No improvement in val loss for 9 epoch(s).

Epoch 84/100
------------------------------------------------------------
Train Loss: 0.5762 Acc: 0.9977
Val Loss: 0.6170 Acc: 0.9777
No improvement in val loss for 10 epoch(s).

Epoch 85/100
------------------------------------------------------------
Train Loss: 0.5749 Acc: 0.9981
Val Loss: 0.6157 Acc: 0.9804
No improvement in val loss for 11 epoch(s).

Epoch 86/100
------------------------------------------------------------
Train Loss: 0.5740 Acc: 0.9984
Val Loss: 0.6148 Acc: 0.9813
No improvement in val loss for 12 epoch(s).

Epoch 87/100
------------------------------------------------------------
Train Loss: 0.5740 Acc: 0.9981
Val Loss: 0.6141 Acc: 0.9804
No improvement in val loss for 13 epoch(s).

Epoch 88/100
------------------------------------------------------------
Train Loss: 0.5745 Acc: 0.9982
Val Loss: 0.6216 Acc: 0.9785
No improvement in val loss for 14 epoch(s).

Epoch 89/100
------------------------------------------------------------
Train Loss: 0.5751 Acc: 0.9980
Val Loss: 0.6153 Acc: 0.9777
No improvement in val loss for 15 epoch(s).
Early stopping triggered after 89 epochs. Best epoch: 74

Training complete in 33m 45s
Best Val Accuracy: 0.9785

Best model saved to: models/Resnet50_animals10_val_0_9785_0_6127.pth
Checkpoint metadata saved to: models/checkpoints/finetune_checkpoints_metadata.json
Total checkpoints saved: 8

✓ Saved 8 checkpoints:
  Epoch 10: acc=0.9722, lr=2.00e-06
  Epoch 20: acc=0.9751, lr=2.00e-06
  Epoch 30: acc=0.9734, lr=2.00e-06
  Epoch 40: acc=0.9744, lr=2.00e-06
  Epoch 50: acc=0.9780, lr=2.00e-06
  Epoch 60: acc=0.9768, lr=2.01e-06
  Epoch 70: acc=0.9789, lr=2.01e-06
  Epoch 80: acc=0.9773, lr=2.01e-06

scontrol show job 123262
JobId=123262 JobName=resnet50_full_train
   UserId=duchuy(3153142) GroupId=duchuy(3153142) MCS_label=N/A
   Priority=598068 Nice=0 Account=def-gzhang-ab QOS=normal
   JobState=COMPLETING Reason=None Dependency=(null)
   Requeue=0 Restarts=0 BatchFlag=1 Reboot=0 ExitCode=0:0
   RunTime=00:35:18 TimeLimit=10:00:00 TimeMin=N/A
   SubmitTime=2025-12-02T23:35:40 EligibleTime=2025-12-02T23:35:40
   AccrueTime=2025-12-02T23:35:40
   StartTime=2025-12-02T23:36:40 EndTime=2025-12-03T00:11:58 Deadline=N/A
   SuspendTime=None SecsPreSuspend=0 LastSchedEval=2025-12-02T23:36:40 Scheduler=Backfill
   Partition=compute AllocNode:Sid=trig-login01:1208354
   ReqNodeList=(null) ExcNodeList=(null)
   NodeList=trig0020
   BatchHost=trig0020
   NumNodes=1 NumCPUs=24 NumTasks=1 CPUs/Task=24 ReqB:S:C:T=0:0:*:*
   ReqTRES=cpu=24,mem=192500M,node=1,billing=1,gres/gpu=1
   AllocTRES=cpu=24,mem=192500M,node=1,billing=1,gres/gpu=1
   Socks/Node=* NtasksPerN:B:S:C=0:0:*:* CoreSpec=*
   MinCPUsNode=24 MinMemoryNode=192500M MinTmpDiskNode=0
   Features=(null) DelayBoot=00:00:00
   OverSubscribe=OK Contiguous=0 Licenses=(null) Network=(null)
   Command=/scratch/duchuy/training_influence/Training-Influence-on-Resnet50/slurm_train_full.sh
   WorkDir=/scratch/duchuy/training_influence/Training-Influence-on-Resnet50
   Comment=/opt/slurm/bin/sbatch --export=NONE --get-user-env=L slurm_train_full.sh 
   StdErr=/scratch/duchuy/training_influence/Training-Influence-on-Resnet50/123262_train.err
   StdIn=/dev/null
   StdOut=/scratch/duchuy/training_influence/Training-Influence-on-Resnet50/123262_train.out
   TresPerNode=gres/gpu:1
   TresPerTask=cpu=24
   

sacct -j 123262
JobID           JobName    Account    Elapsed  MaxVMSize     MaxRSS  SystemCPU    UserCPU ExitCode 
------------ ---------- ---------- ---------- ---------- ---------- ---------- ---------- -------- 
123262       resnet50_+ def-gzhan+   00:35:18                         00:00:00   00:00:00      0:0 
123262.batch      batch def-gzhan+   00:35:18                         00:00:00   00:00:00      0:0 
123262.exte+     extern def-gzhan+   00:35:18                         00:00:00   00:00:00      0:0 

